2025-05-07 06:08:53.404 [Platform-Rest] [main] INFO  com.example.forexproject.RateRestApplication - Starting RateRestApplication using Java 23.0.1 with PID 9388 (C:\Users\MTG\Desktop\forexproject_voF-3\platform-rest\target\classes started by MTG in C:\Users\MTG\Desktop\forexproject_voF-3\platform-rest)
2025-05-07 06:08:53.420 [Platform-Rest] [main] INFO  com.example.forexproject.RateRestApplication - No active profile set, falling back to 1 default profile: "default"
2025-05-07 06:08:54.418 [Platform-Rest] [main] INFO  org.springframework.boot.web.embedded.tomcat.TomcatWebServer - Tomcat initialized with port 8080 (http)
2025-05-07 06:08:54.438 [Platform-Rest] [main] INFO  org.apache.coyote.http11.Http11NioProtocol - Initializing ProtocolHandler ["http-nio-8080"]
2025-05-07 06:08:54.440 [Platform-Rest] [main] INFO  org.apache.catalina.core.StandardService - Starting service [Tomcat]
2025-05-07 06:08:54.440 [Platform-Rest] [main] INFO  org.apache.catalina.core.StandardEngine - Starting Servlet engine: [Apache Tomcat/10.1.34]
2025-05-07 06:08:54.505 [Platform-Rest] [main] INFO  org.apache.catalina.core.ContainerBase.[Tomcat].[localhost].[/] - Initializing Spring embedded WebApplicationContext
2025-05-07 06:08:54.507 [Platform-Rest] [main] INFO  org.springframework.boot.web.servlet.context.ServletWebServerApplicationContext - Root WebApplicationContext: initialization completed in 880 ms
2025-05-07 06:08:54.723 [Platform-Rest] [main] INFO  org.springframework.validation.beanvalidation.OptionalValidatorFactoryBean - Failed to set up a Bean Validation provider: jakarta.validation.NoProviderFoundException: Unable to create a Configuration, because no Jakarta Bean Validation provider could be found. Add a provider like Hibernate Validator (RI) to your classpath.
2025-05-07 06:08:55.306 [Platform-Rest] [main] INFO  org.apache.coyote.http11.Http11NioProtocol - Starting ProtocolHandler ["http-nio-8080"]
2025-05-07 06:08:55.329 [Platform-Rest] [main] INFO  org.springframework.boot.web.embedded.tomcat.TomcatWebServer - Tomcat started on port 8080 (http) with context path '/'
2025-05-07 06:08:55.334 [Platform-Rest] [main] INFO  com.example.forexproject.RateRestApplication - Started RateRestApplication in 2.207 seconds (process running for 2.847)
2025-05-07 06:13:58.021 [Platform-Rest] [http-nio-8080-exec-2] INFO  org.apache.catalina.core.ContainerBase.[Tomcat].[localhost].[/] - Initializing Spring DispatcherServlet 'dispatcherServlet'
2025-05-07 06:13:58.021 [Platform-Rest] [http-nio-8080-exec-2] INFO  org.springframework.web.servlet.DispatcherServlet - Initializing Servlet 'dispatcherServlet'
2025-05-07 06:13:58.023 [Platform-Rest] [http-nio-8080-exec-2] INFO  org.springframework.web.servlet.DispatcherServlet - Completed initialization in 2 ms
2025-05-07 06:13:58.059 [Platform-Rest] [http-nio-8080-exec-2] INFO  com.example.forexproject.RateController - Returning rate for PF2_USDTRY: bid=33.72391992105951, ask=34.67821900907384, timestamp=2025-05-07T06:13:58.054997800
2025-05-07 06:18:32.076 [Platform-Rest] [http-nio-8080-exec-4] INFO  com.example.forexproject.RateController - Returning rate for PF2_USDTRY: bid=34.12114445836917, ask=35.224383025510285, timestamp=2025-05-07T06:18:32.076369900
2025-05-07 06:18:47.030 [Platform-Rest] [http-nio-8080-exec-6] INFO  com.example.forexproject.RateController - Returning rate for PF2_USDTRY: bid=34.11369184909278, ask=35.175785977549296, timestamp=2025-05-07T06:18:47.030043100
2025-05-07 06:18:52.122 [Platform-Rest] [http-nio-8080-exec-7] INFO  com.example.forexproject.RateController - Returning rate for PF2_GBPUSD: bid=0.8013008335059726, ask=0.8190976248848963, timestamp=2025-05-07T06:18:52.122340200
2025-05-07 06:18:52.775 [Platform-Rest] [http-nio-8080-exec-8] INFO  com.example.forexproject.RateController - Returning rate for PF2_GBPUSD: bid=0.7970624935364198, ask=0.8172831820286649, timestamp=2025-05-07T06:18:52.775348800
2025-05-07 06:37:02.726 [Platform-Rest] [main] INFO  com.example.forexproject.RateRestApplication - Starting RateRestApplication using Java 23.0.1 with PID 18924 (C:\Users\MTG\Desktop\forexproject_voF-3\platform-rest\target\classes started by MTG in C:\Users\MTG\Desktop\forexproject_voF-3\platform-rest)
2025-05-07 06:37:02.758 [Platform-Rest] [main] INFO  com.example.forexproject.RateRestApplication - No active profile set, falling back to 1 default profile: "default"
2025-05-07 06:37:03.813 [Platform-Rest] [main] INFO  org.springframework.boot.web.embedded.tomcat.TomcatWebServer - Tomcat initialized with port 8080 (http)
2025-05-07 06:37:03.826 [Platform-Rest] [main] INFO  org.apache.coyote.http11.Http11NioProtocol - Initializing ProtocolHandler ["http-nio-8080"]
2025-05-07 06:37:03.828 [Platform-Rest] [main] INFO  org.apache.catalina.core.StandardService - Starting service [Tomcat]
2025-05-07 06:37:03.829 [Platform-Rest] [main] INFO  org.apache.catalina.core.StandardEngine - Starting Servlet engine: [Apache Tomcat/10.1.34]
2025-05-07 06:37:03.880 [Platform-Rest] [main] INFO  org.apache.catalina.core.ContainerBase.[Tomcat].[localhost].[/] - Initializing Spring embedded WebApplicationContext
2025-05-07 06:37:03.882 [Platform-Rest] [main] INFO  org.springframework.boot.web.servlet.context.ServletWebServerApplicationContext - Root WebApplicationContext: initialization completed in 874 ms
2025-05-07 06:37:04.147 [Platform-Rest] [main] INFO  org.springframework.validation.beanvalidation.OptionalValidatorFactoryBean - Failed to set up a Bean Validation provider: jakarta.validation.NoProviderFoundException: Unable to create a Configuration, because no Jakarta Bean Validation provider could be found. Add a provider like Hibernate Validator (RI) to your classpath.
2025-05-07 06:37:04.772 [Platform-Rest] [main] INFO  org.apache.coyote.http11.Http11NioProtocol - Starting ProtocolHandler ["http-nio-8080"]
2025-05-07 06:37:04.801 [Platform-Rest] [main] INFO  org.springframework.boot.web.embedded.tomcat.TomcatWebServer - Tomcat started on port 8080 (http) with context path '/'
2025-05-07 06:37:04.813 [Platform-Rest] [main] INFO  com.example.forexproject.RateRestApplication - Started RateRestApplication in 2.391 seconds (process running for 3.033)
2025-05-07 06:37:30.981 [Platform-Rest] [http-nio-8080-exec-1] INFO  org.apache.catalina.core.ContainerBase.[Tomcat].[localhost].[/] - Initializing Spring DispatcherServlet 'dispatcherServlet'
2025-05-07 06:37:30.982 [Platform-Rest] [http-nio-8080-exec-1] INFO  org.springframework.web.servlet.DispatcherServlet - Initializing Servlet 'dispatcherServlet'
2025-05-07 06:37:30.982 [Platform-Rest] [http-nio-8080-exec-1] INFO  org.springframework.web.servlet.DispatcherServlet - Completed initialization in 0 ms
2025-05-07 06:37:31.005 [Platform-Rest] [http-nio-8080-exec-1] INFO  com.example.forexproject.RateController - Returning rate for PF2_GBPUSD: bid=0.7927927942959031, ask=0.8227194752572068, timestamp=2025-05-07T06:37:31.004783400
2025-05-07 06:37:35.579 [Platform-Rest] [http-nio-8080-exec-3] INFO  com.example.forexproject.RateController - Returning rate for PF2_EURUSD: bid=1.0574523182578641, ask=1.0630270794566083, timestamp=2025-05-07T06:37:35.579650100
2025-05-07 06:37:39.860 [Platform-Rest] [http-nio-8080-exec-4] INFO  com.example.forexproject.RateController - Returning rate for PF2_EURUSD: bid=1.0449090495517963, ask=1.0594297374613444, timestamp=2025-05-07T06:37:39.860543100
2025-05-07 06:56:09.693 [Platform-Rest] [main] INFO  com.example.forexproject.RateRestApplication - Starting RateRestApplication using Java 23.0.1 with PID 12684 (C:\Users\MTG\Desktop\forexproject_voF-3\platform-rest\target\classes started by MTG in C:\Users\MTG\Desktop\forexproject_voF-3\platform-rest)
2025-05-07 06:56:09.713 [Platform-Rest] [main] INFO  com.example.forexproject.RateRestApplication - No active profile set, falling back to 1 default profile: "default"
2025-05-07 06:56:10.980 [Platform-Rest] [main] INFO  org.springframework.boot.web.embedded.tomcat.TomcatWebServer - Tomcat initialized with port 8080 (http)
2025-05-07 06:56:10.995 [Platform-Rest] [main] INFO  org.apache.coyote.http11.Http11NioProtocol - Initializing ProtocolHandler ["http-nio-8080"]
2025-05-07 06:56:10.998 [Platform-Rest] [main] INFO  org.apache.catalina.core.StandardService - Starting service [Tomcat]
2025-05-07 06:56:10.998 [Platform-Rest] [main] INFO  org.apache.catalina.core.StandardEngine - Starting Servlet engine: [Apache Tomcat/10.1.34]
2025-05-07 06:56:11.057 [Platform-Rest] [main] INFO  org.apache.catalina.core.ContainerBase.[Tomcat].[localhost].[/] - Initializing Spring embedded WebApplicationContext
2025-05-07 06:56:11.059 [Platform-Rest] [main] INFO  org.springframework.boot.web.servlet.context.ServletWebServerApplicationContext - Root WebApplicationContext: initialization completed in 1105 ms
2025-05-07 06:56:11.309 [Platform-Rest] [main] INFO  org.springframework.validation.beanvalidation.OptionalValidatorFactoryBean - Failed to set up a Bean Validation provider: jakarta.validation.NoProviderFoundException: Unable to create a Configuration, because no Jakarta Bean Validation provider could be found. Add a provider like Hibernate Validator (RI) to your classpath.
2025-05-07 06:56:11.963 [Platform-Rest] [main] INFO  org.apache.coyote.http11.Http11NioProtocol - Starting ProtocolHandler ["http-nio-8080"]
2025-05-07 06:56:11.973 [Platform-Rest] [main] WARN  org.springframework.boot.web.servlet.context.AnnotationConfigServletWebServerApplicationContext - Exception encountered during context initialization - cancelling refresh attempt: org.springframework.context.ApplicationContextException: Failed to start bean 'webServerStartStop'
2025-05-07 06:56:11.995 [Platform-Rest] [main] INFO  org.springframework.boot.autoconfigure.logging.ConditionEvaluationReportLogger - 

Error starting ApplicationContext. To display the condition evaluation report re-run your application with 'debug' enabled.
2025-05-07 06:56:12.014 [Platform-Rest] [main] ERROR org.springframework.boot.diagnostics.LoggingFailureAnalysisReporter - 

***************************
APPLICATION FAILED TO START
***************************

Description:

Web server failed to start. Port 8080 was already in use.

Action:

Identify and stop the process that's listening on port 8080 or configure this application to listen on another port.

2025-05-07 06:58:20.319 [Platform-Rest] [main] INFO  com.example.forexproject.RateRestApplication - Starting RateRestApplication using Java 23.0.1 with PID 23420 (C:\Users\MTG\Desktop\forexproject_voF-3\platform-rest\target\classes started by MTG in C:\Users\MTG\Desktop\forexproject_voF-3\platform-rest)
2025-05-07 06:58:20.332 [Platform-Rest] [main] INFO  com.example.forexproject.RateRestApplication - No active profile set, falling back to 1 default profile: "default"
2025-05-07 06:58:21.120 [Platform-Rest] [main] INFO  org.springframework.boot.web.embedded.tomcat.TomcatWebServer - Tomcat initialized with port 8082 (http)
2025-05-07 06:58:21.131 [Platform-Rest] [main] INFO  org.apache.coyote.http11.Http11NioProtocol - Initializing ProtocolHandler ["http-nio-8082"]
2025-05-07 06:58:21.133 [Platform-Rest] [main] INFO  org.apache.catalina.core.StandardService - Starting service [Tomcat]
2025-05-07 06:58:21.133 [Platform-Rest] [main] INFO  org.apache.catalina.core.StandardEngine - Starting Servlet engine: [Apache Tomcat/10.1.34]
2025-05-07 06:58:21.172 [Platform-Rest] [main] INFO  org.apache.catalina.core.ContainerBase.[Tomcat].[localhost].[/] - Initializing Spring embedded WebApplicationContext
2025-05-07 06:58:21.173 [Platform-Rest] [main] INFO  org.springframework.boot.web.servlet.context.ServletWebServerApplicationContext - Root WebApplicationContext: initialization completed in 666 ms
2025-05-07 06:58:21.351 [Platform-Rest] [main] INFO  org.springframework.validation.beanvalidation.OptionalValidatorFactoryBean - Failed to set up a Bean Validation provider: jakarta.validation.NoProviderFoundException: Unable to create a Configuration, because no Jakarta Bean Validation provider could be found. Add a provider like Hibernate Validator (RI) to your classpath.
2025-05-07 06:58:21.833 [Platform-Rest] [main] INFO  org.apache.coyote.http11.Http11NioProtocol - Starting ProtocolHandler ["http-nio-8082"]
2025-05-07 06:58:21.855 [Platform-Rest] [main] INFO  org.springframework.boot.web.embedded.tomcat.TomcatWebServer - Tomcat started on port 8082 (http) with context path '/'
2025-05-07 06:58:21.862 [Platform-Rest] [main] INFO  com.example.forexproject.RateRestApplication - Started RateRestApplication in 1.823 seconds (process running for 2.426)
2025-05-07 06:58:29.587 [Platform-Rest] [http-nio-8082-exec-3] INFO  org.apache.catalina.core.ContainerBase.[Tomcat].[localhost].[/] - Initializing Spring DispatcherServlet 'dispatcherServlet'
2025-05-07 06:58:29.587 [Platform-Rest] [http-nio-8082-exec-3] INFO  org.springframework.web.servlet.DispatcherServlet - Initializing Servlet 'dispatcherServlet'
2025-05-07 06:58:29.588 [Platform-Rest] [http-nio-8082-exec-3] INFO  org.springframework.web.servlet.DispatcherServlet - Completed initialization in 0 ms
2025-05-07 06:58:29.614 [Platform-Rest] [http-nio-8082-exec-3] INFO  com.example.forexproject.RateController - Returning rate for PF2_EURUSD: bid=1.0489758071201853, ask=1.0658434541575466, timestamp=2025-05-07T06:58:29.613427600
2025-05-07 07:00:47.863 [Platform-Rest] [http-nio-8082-exec-7] INFO  com.example.forexproject.RateController - Returning rate for PF2_EURUSD: bid=1.056890450923401, ask=1.0789709260706597, timestamp=2025-05-07T07:00:47.863602500
2025-05-07 07:00:48.508 [Platform-Rest] [http-nio-8082-exec-5] INFO  com.example.forexproject.RateController - Returning rate for PF2_EURUSD: bid=1.0407025364388796, ask=1.0631595897307502, timestamp=2025-05-07T07:00:48.508943400
2025-05-07 07:00:49.130 [Platform-Rest] [http-nio-8082-exec-4] INFO  com.example.forexproject.RateController - Returning rate for PF2_EURUSD: bid=1.0493494259026432, ask=1.060661487449926, timestamp=2025-05-07T07:00:49.130533300
2025-05-07 07:00:49.707 [Platform-Rest] [http-nio-8082-exec-8] INFO  com.example.forexproject.RateController - Returning rate for PF2_EURUSD: bid=1.049369266383521, ask=1.0727068839634288, timestamp=2025-05-07T07:00:49.707379500
2025-05-07 07:00:50.247 [Platform-Rest] [http-nio-8082-exec-9] INFO  com.example.forexproject.RateController - Returning rate for PF2_EURUSD: bid=1.0420612917919607, ask=1.0719438778025887, timestamp=2025-05-07T07:00:50.247829600
2025-05-07 07:04:15.769 [Platform-Rest] [main] INFO  com.example.forexproject.RateRestApplication - Starting RateRestApplication using Java 23.0.1 with PID 17588 (C:\Users\MTG\Desktop\forexproject_voF-3\platform-rest\target\classes started by MTG in C:\Users\MTG\Desktop\forexproject_voF-3\platform-rest)
2025-05-07 07:04:15.783 [Platform-Rest] [main] INFO  com.example.forexproject.RateRestApplication - No active profile set, falling back to 1 default profile: "default"
2025-05-07 07:04:17.346 [Platform-Rest] [main] INFO  org.springframework.boot.web.embedded.tomcat.TomcatWebServer - Tomcat initialized with port 8082 (http)
2025-05-07 07:04:17.384 [Platform-Rest] [main] INFO  org.apache.coyote.http11.Http11NioProtocol - Initializing ProtocolHandler ["http-nio-8082"]
2025-05-07 07:04:17.389 [Platform-Rest] [main] INFO  org.apache.catalina.core.StandardService - Starting service [Tomcat]
2025-05-07 07:04:17.389 [Platform-Rest] [main] INFO  org.apache.catalina.core.StandardEngine - Starting Servlet engine: [Apache Tomcat/10.1.34]
2025-05-07 07:04:17.474 [Platform-Rest] [main] INFO  org.apache.catalina.core.ContainerBase.[Tomcat].[localhost].[/] - Initializing Spring embedded WebApplicationContext
2025-05-07 07:04:17.477 [Platform-Rest] [main] INFO  org.springframework.boot.web.servlet.context.ServletWebServerApplicationContext - Root WebApplicationContext: initialization completed in 1427 ms
2025-05-07 07:04:17.802 [Platform-Rest] [main] INFO  org.springframework.validation.beanvalidation.OptionalValidatorFactoryBean - Failed to set up a Bean Validation provider: jakarta.validation.NoProviderFoundException: Unable to create a Configuration, because no Jakarta Bean Validation provider could be found. Add a provider like Hibernate Validator (RI) to your classpath.
2025-05-07 07:04:18.649 [Platform-Rest] [main] INFO  org.apache.coyote.http11.Http11NioProtocol - Starting ProtocolHandler ["http-nio-8082"]
2025-05-07 07:04:18.685 [Platform-Rest] [main] INFO  org.springframework.boot.web.embedded.tomcat.TomcatWebServer - Tomcat started on port 8082 (http) with context path '/'
2025-05-07 07:04:18.700 [Platform-Rest] [main] INFO  com.example.forexproject.RateRestApplication - Started RateRestApplication in 3.346 seconds (process running for 4.255)
2025-05-07 07:05:34.692 [Platform-Rest] [http-nio-8082-exec-2] INFO  org.apache.catalina.core.ContainerBase.[Tomcat].[localhost].[/] - Initializing Spring DispatcherServlet 'dispatcherServlet'
2025-05-07 07:05:34.692 [Platform-Rest] [http-nio-8082-exec-2] INFO  org.springframework.web.servlet.DispatcherServlet - Initializing Servlet 'dispatcherServlet'
2025-05-07 07:05:34.694 [Platform-Rest] [http-nio-8082-exec-2] INFO  org.springframework.web.servlet.DispatcherServlet - Completed initialization in 2 ms
2025-05-07 07:05:34.736 [Platform-Rest] [http-nio-8082-exec-2] INFO  com.example.forexproject.RateController - Returning rate for PF2_USDTRY: bid=33.727939103556686, ask=34.828812145850655, timestamp=2025-05-07T07:05:34.734422500
2025-05-07 07:05:36.696 [Platform-Rest] [http-nio-8082-exec-3] INFO  com.example.forexproject.RateController - Returning rate for PF2_USDTRY: bid=34.300845341954606, ask=35.169131110999515, timestamp=2025-05-07T07:05:36.696503700
2025-05-07 07:05:37.832 [Platform-Rest] [http-nio-8082-exec-4] INFO  com.example.forexproject.RateController - Returning rate for PF2_USDTRY: bid=33.68243628406671, ask=34.803087995279725, timestamp=2025-05-07T07:05:37.832889500
2025-05-07 07:05:38.532 [Platform-Rest] [http-nio-8082-exec-5] INFO  com.example.forexproject.RateController - Returning rate for PF2_USDTRY: bid=33.759274096798904, ask=34.70757532383166, timestamp=2025-05-07T07:05:38.532662900
2025-05-07 07:05:39.171 [Platform-Rest] [http-nio-8082-exec-10] INFO  com.example.forexproject.RateController - Returning rate for PF2_USDTRY: bid=34.22187515516199, ask=34.652859259018136, timestamp=2025-05-07T07:05:39.171305800
2025-05-07 07:08:12.605 [Platform-Rest] [main] INFO  com.example.forexproject.RateRestApplication - Starting RateRestApplication using Java 23.0.1 with PID 18476 (C:\Users\MTG\Desktop\forexproject_voF-3\platform-rest\target\classes started by MTG in C:\Users\MTG\Desktop\forexproject_voF-3\platform-rest)
2025-05-07 07:08:12.623 [Platform-Rest] [main] INFO  com.example.forexproject.RateRestApplication - No active profile set, falling back to 1 default profile: "default"
2025-05-07 07:08:13.883 [Platform-Rest] [main] INFO  org.springframework.boot.web.embedded.tomcat.TomcatWebServer - Tomcat initialized with port 8082 (http)
2025-05-07 07:08:13.897 [Platform-Rest] [main] INFO  org.apache.coyote.http11.Http11NioProtocol - Initializing ProtocolHandler ["http-nio-8082"]
2025-05-07 07:08:13.900 [Platform-Rest] [main] INFO  org.apache.catalina.core.StandardService - Starting service [Tomcat]
2025-05-07 07:08:13.900 [Platform-Rest] [main] INFO  org.apache.catalina.core.StandardEngine - Starting Servlet engine: [Apache Tomcat/10.1.34]
2025-05-07 07:08:13.942 [Platform-Rest] [main] INFO  org.apache.catalina.core.ContainerBase.[Tomcat].[localhost].[/] - Initializing Spring embedded WebApplicationContext
2025-05-07 07:08:13.944 [Platform-Rest] [main] INFO  org.springframework.boot.web.servlet.context.ServletWebServerApplicationContext - Root WebApplicationContext: initialization completed in 1055 ms
2025-05-07 07:08:14.198 [Platform-Rest] [main] INFO  org.springframework.validation.beanvalidation.OptionalValidatorFactoryBean - Failed to set up a Bean Validation provider: jakarta.validation.NoProviderFoundException: Unable to create a Configuration, because no Jakarta Bean Validation provider could be found. Add a provider like Hibernate Validator (RI) to your classpath.
2025-05-07 07:08:14.835 [Platform-Rest] [main] INFO  org.apache.coyote.http11.Http11NioProtocol - Starting ProtocolHandler ["http-nio-8082"]
2025-05-07 07:08:14.860 [Platform-Rest] [main] INFO  org.springframework.boot.web.embedded.tomcat.TomcatWebServer - Tomcat started on port 8082 (http) with context path '/'
2025-05-07 07:08:14.870 [Platform-Rest] [main] INFO  com.example.forexproject.RateRestApplication - Started RateRestApplication in 2.705 seconds (process running for 3.538)
2025-05-07 07:09:36.035 [Platform-Rest] [http-nio-8082-exec-2] INFO  org.apache.catalina.core.ContainerBase.[Tomcat].[localhost].[/] - Initializing Spring DispatcherServlet 'dispatcherServlet'
2025-05-07 07:09:36.035 [Platform-Rest] [http-nio-8082-exec-2] INFO  org.springframework.web.servlet.DispatcherServlet - Initializing Servlet 'dispatcherServlet'
2025-05-07 07:09:36.036 [Platform-Rest] [http-nio-8082-exec-2] INFO  org.springframework.web.servlet.DispatcherServlet - Completed initialization in 0 ms
2025-05-07 07:09:36.066 [Platform-Rest] [http-nio-8082-exec-2] INFO  com.example.forexproject.RateController - Returning rate for PF2_USDTRY: bid=33.8833087006594, ask=35.12263234747546, timestamp=2025-05-07T07:09:36.065582700
2025-05-07 07:09:37.163 [Platform-Rest] [http-nio-8082-exec-3] INFO  com.example.forexproject.RateController - Returning rate for PF2_USDTRY: bid=33.932349620715016, ask=34.71362357899973, timestamp=2025-05-07T07:09:37.163133100
2025-05-07 07:09:37.844 [Platform-Rest] [http-nio-8082-exec-4] INFO  com.example.forexproject.RateController - Returning rate for PF2_USDTRY: bid=33.87566894785317, ask=34.986315341844055, timestamp=2025-05-07T07:09:37.844868600
2025-05-07 07:09:38.515 [Platform-Rest] [http-nio-8082-exec-5] INFO  com.example.forexproject.RateController - Returning rate for PF2_USDTRY: bid=34.10803337950403, ask=34.99219965384013, timestamp=2025-05-07T07:09:38.515655300
2025-05-07 07:09:39.135 [Platform-Rest] [http-nio-8082-exec-6] INFO  com.example.forexproject.RateController - Returning rate for PF2_USDTRY: bid=34.137050176600845, ask=35.0426446817215, timestamp=2025-05-07T07:09:39.135905300
2025-05-07 07:11:05.370 [Platform-Rest] [http-nio-8082-exec-9] INFO  com.example.forexproject.RateController - Returning rate for PF2_USDTRY: bid=34.202518473605664, ask=35.13142632736724, timestamp=2025-05-07T07:11:05.370863400
2025-05-07 07:11:05.892 [Platform-Rest] [http-nio-8082-exec-10] INFO  com.example.forexproject.RateController - Returning rate for PF2_USDTRY: bid=33.766834520221515, ask=34.67785833211409, timestamp=2025-05-07T07:11:05.892795900
2025-05-07 07:11:06.411 [Platform-Rest] [http-nio-8082-exec-1] INFO  com.example.forexproject.RateController - Returning rate for PF2_USDTRY: bid=34.12020595688666, ask=34.72944305861116, timestamp=2025-05-07T07:11:06.411841500
2025-05-07 07:11:06.843 [Platform-Rest] [http-nio-8082-exec-2] INFO  com.example.forexproject.RateController - Returning rate for PF2_USDTRY: bid=33.90727624857059, ask=35.10232633144098, timestamp=2025-05-07T07:11:06.843311800
2025-05-08 18:18:51.920 [Platform-Rest] [main] INFO  com.example.forexproject.RateRestApplication - Starting RateRestApplication using Java 23.0.1 with PID 21320 (C:\Users\MTG\Desktop\forexproject_voF-3\platform-rest\target\classes started by MTG in C:\Users\MTG\Desktop\forexproject_voF-3\platform-rest)
2025-05-08 18:18:51.931 [Platform-Rest] [main] INFO  com.example.forexproject.RateRestApplication - No active profile set, falling back to 1 default profile: "default"
2025-05-08 18:18:52.885 [Platform-Rest] [main] INFO  org.springframework.boot.web.embedded.tomcat.TomcatWebServer - Tomcat initialized with port 8082 (http)
2025-05-08 18:18:52.895 [Platform-Rest] [main] INFO  org.apache.coyote.http11.Http11NioProtocol - Initializing ProtocolHandler ["http-nio-8082"]
2025-05-08 18:18:52.897 [Platform-Rest] [main] INFO  org.apache.catalina.core.StandardService - Starting service [Tomcat]
2025-05-08 18:18:52.897 [Platform-Rest] [main] INFO  org.apache.catalina.core.StandardEngine - Starting Servlet engine: [Apache Tomcat/10.1.34]
2025-05-08 18:18:52.940 [Platform-Rest] [main] INFO  org.apache.catalina.core.ContainerBase.[Tomcat].[localhost].[/] - Initializing Spring embedded WebApplicationContext
2025-05-08 18:18:52.943 [Platform-Rest] [main] INFO  org.springframework.boot.web.servlet.context.ServletWebServerApplicationContext - Root WebApplicationContext: initialization completed in 778 ms
2025-05-08 18:18:53.120 [Platform-Rest] [main] INFO  org.springframework.validation.beanvalidation.OptionalValidatorFactoryBean - Failed to set up a Bean Validation provider: jakarta.validation.NoProviderFoundException: Unable to create a Configuration, because no Jakarta Bean Validation provider could be found. Add a provider like Hibernate Validator (RI) to your classpath.
2025-05-08 18:18:53.611 [Platform-Rest] [main] INFO  org.apache.coyote.http11.Http11NioProtocol - Starting ProtocolHandler ["http-nio-8082"]
2025-05-08 18:18:53.636 [Platform-Rest] [main] INFO  org.springframework.boot.web.embedded.tomcat.TomcatWebServer - Tomcat started on port 8082 (http) with context path '/'
2025-05-08 18:18:53.644 [Platform-Rest] [main] INFO  com.example.forexproject.RateRestApplication - Started RateRestApplication in 2.047 seconds (process running for 2.76)
2025-05-08 19:23:08.123 [Platform-Rest] [main] INFO  com.example.forexproject.RateRestApplication - Starting RateRestApplication using Java 23.0.1 with PID 21320 (C:\Users\MTG\Desktop\forexproject_voF-3\platform-rest\target\classes started by MTG in C:\Users\MTG\Desktop\forexproject_voF-3\platform-rest)
2025-05-08 19:23:08.135 [Platform-Rest] [main] INFO  com.example.forexproject.RateRestApplication - No active profile set, falling back to 1 default profile: "default"
2025-05-08 19:23:09.432 [Platform-Rest] [main] INFO  org.springframework.boot.web.embedded.tomcat.TomcatWebServer - Tomcat initialized with port 8082 (http)
2025-05-08 19:23:09.445 [Platform-Rest] [main] INFO  org.apache.coyote.http11.Http11NioProtocol - Initializing ProtocolHandler ["http-nio-8082"]
2025-05-08 19:23:09.446 [Platform-Rest] [main] INFO  org.apache.catalina.core.StandardService - Starting service [Tomcat]
2025-05-08 19:23:09.447 [Platform-Rest] [main] INFO  org.apache.catalina.core.StandardEngine - Starting Servlet engine: [Apache Tomcat/10.1.34]
2025-05-08 19:23:09.500 [Platform-Rest] [main] INFO  org.apache.catalina.core.ContainerBase.[Tomcat].[localhost].[/] - Initializing Spring embedded WebApplicationContext
2025-05-08 19:23:09.504 [Platform-Rest] [main] INFO  org.springframework.boot.web.servlet.context.ServletWebServerApplicationContext - Root WebApplicationContext: initialization completed in 1137 ms
2025-05-08 19:23:09.826 [Platform-Rest] [main] INFO  org.springframework.validation.beanvalidation.OptionalValidatorFactoryBean - Failed to set up a Bean Validation provider: jakarta.validation.NoProviderFoundException: Unable to create a Configuration, because no Jakarta Bean Validation provider could be found. Add a provider like Hibernate Validator (RI) to your classpath.
2025-05-08 19:23:10.559 [Platform-Rest] [main] INFO  org.apache.coyote.http11.Http11NioProtocol - Starting ProtocolHandler ["http-nio-8082"]
2025-05-08 19:23:10.588 [Platform-Rest] [main] INFO  org.springframework.boot.web.embedded.tomcat.TomcatWebServer - Tomcat started on port 8082 (http) with context path '/'
2025-05-08 19:23:10.603 [Platform-Rest] [main] INFO  com.example.forexproject.RateRestApplication - Started RateRestApplication in 2.917 seconds (process running for 3.691)
2025-05-08 19:23:20.968 [Platform-Rest] [http-nio-8082-exec-1] INFO  org.apache.catalina.core.ContainerBase.[Tomcat].[localhost].[/] - Initializing Spring DispatcherServlet 'dispatcherServlet'
2025-05-08 19:23:20.968 [Platform-Rest] [http-nio-8082-exec-1] INFO  org.springframework.web.servlet.DispatcherServlet - Initializing Servlet 'dispatcherServlet'
2025-05-08 19:23:20.969 [Platform-Rest] [http-nio-8082-exec-1] INFO  org.springframework.web.servlet.DispatcherServlet - Completed initialization in 1 ms
2025-05-08 19:23:21.034 [Platform-Rest] [http-nio-8082-exec-1] INFO  com.example.forexproject.RateController - Returning rate for PF2_USDTRY: bid=33.78791838316361, ask=35.0711272176217, timestamp=2025-05-08T19:23:21.033883900
2025-05-08 19:23:51.546 [Platform-Rest] [http-nio-8082-exec-3] INFO  com.example.forexproject.RateController - Returning rate for PF2_USDTRY: bid=33.917870914638726, ask=34.93183388389097, timestamp=2025-05-08T19:23:51.546137100
2025-05-08 19:28:12.300 [Platform-Rest] [main] INFO  com.example.forexproject.RateRestApplication - Starting RateRestApplication using Java 23.0.1 with PID 21884 (C:\Users\MTG\Desktop\forexproject_voF-3\platform-rest\target\classes started by MTG in C:\Users\MTG\Desktop\forexproject_voF-3\platform-rest)
2025-05-08 19:28:12.313 [Platform-Rest] [main] INFO  com.example.forexproject.RateRestApplication - No active profile set, falling back to 1 default profile: "default"
2025-05-08 19:28:13.621 [Platform-Rest] [main] INFO  org.springframework.boot.web.embedded.tomcat.TomcatWebServer - Tomcat initialized with port 8082 (http)
2025-05-08 19:28:13.641 [Platform-Rest] [main] INFO  org.apache.coyote.http11.Http11NioProtocol - Initializing ProtocolHandler ["http-nio-8082"]
2025-05-08 19:28:13.644 [Platform-Rest] [main] INFO  org.apache.catalina.core.StandardService - Starting service [Tomcat]
2025-05-08 19:28:13.645 [Platform-Rest] [main] INFO  org.apache.catalina.core.StandardEngine - Starting Servlet engine: [Apache Tomcat/10.1.34]
2025-05-08 19:28:13.707 [Platform-Rest] [main] INFO  org.apache.catalina.core.ContainerBase.[Tomcat].[localhost].[/] - Initializing Spring embedded WebApplicationContext
2025-05-08 19:28:13.708 [Platform-Rest] [main] INFO  org.springframework.boot.web.servlet.context.ServletWebServerApplicationContext - Root WebApplicationContext: initialization completed in 1149 ms
2025-05-08 19:28:13.947 [Platform-Rest] [main] INFO  org.springframework.validation.beanvalidation.OptionalValidatorFactoryBean - Failed to set up a Bean Validation provider: jakarta.validation.NoProviderFoundException: Unable to create a Configuration, because no Jakarta Bean Validation provider could be found. Add a provider like Hibernate Validator (RI) to your classpath.
2025-05-08 19:28:14.657 [Platform-Rest] [main] INFO  org.apache.coyote.http11.Http11NioProtocol - Starting ProtocolHandler ["http-nio-8082"]
2025-05-08 19:28:14.681 [Platform-Rest] [main] INFO  org.springframework.boot.web.embedded.tomcat.TomcatWebServer - Tomcat started on port 8082 (http) with context path '/'
2025-05-08 19:28:14.689 [Platform-Rest] [main] INFO  com.example.forexproject.RateRestApplication - Started RateRestApplication in 2.809 seconds (process running for 3.852)
2025-05-08 19:30:16.719 [Platform-Rest] [http-nio-8082-exec-2] INFO  org.apache.catalina.core.ContainerBase.[Tomcat].[localhost].[/] - Initializing Spring DispatcherServlet 'dispatcherServlet'
2025-05-08 19:30:16.719 [Platform-Rest] [http-nio-8082-exec-2] INFO  org.springframework.web.servlet.DispatcherServlet - Initializing Servlet 'dispatcherServlet'
2025-05-08 19:30:16.720 [Platform-Rest] [http-nio-8082-exec-2] INFO  org.springframework.web.servlet.DispatcherServlet - Completed initialization in 0 ms
2025-05-08 19:30:16.742 [Platform-Rest] [http-nio-8082-exec-2] INFO  com.example.forexproject.RateController - Returning rate for PF2_USDTRY: bid=34.08704609736919, ask=35.03557319150795, timestamp=2025-05-08T19:30:16.742435
2025-05-08 19:30:17.889 [Platform-Rest] [http-nio-8082-exec-3] INFO  com.example.forexproject.RateController - Returning rate for PF2_USDTRY: bid=33.76980204034115, ask=35.23349504487172, timestamp=2025-05-08T19:30:17.889641700
2025-05-08 19:30:18.563 [Platform-Rest] [http-nio-8082-exec-4] INFO  com.example.forexproject.RateController - Returning rate for PF2_USDTRY: bid=33.66465270599621, ask=34.95125848160185, timestamp=2025-05-08T19:30:18.561898100
2025-05-08 19:30:19.337 [Platform-Rest] [http-nio-8082-exec-5] INFO  com.example.forexproject.RateController - Returning rate for PF2_USDTRY: bid=33.904511000285645, ask=35.18774848808315, timestamp=2025-05-08T19:30:19.337689
2025-05-08 19:30:19.968 [Platform-Rest] [http-nio-8082-exec-6] INFO  com.example.forexproject.RateController - Returning rate for PF2_USDTRY: bid=34.33672204592871, ask=35.00349337556938, timestamp=2025-05-08T19:30:19.968547800
2025-05-08 19:30:20.590 [Platform-Rest] [http-nio-8082-exec-7] INFO  com.example.forexproject.RateController - Returning rate for PF2_USDTRY: bid=34.01050282224205, ask=35.088184427802645, timestamp=2025-05-08T19:30:20.590126300
2025-05-08 19:30:21.265 [Platform-Rest] [http-nio-8082-exec-8] INFO  com.example.forexproject.RateController - Returning rate for PF2_USDTRY: bid=34.26916024844222, ask=35.12954436456084, timestamp=2025-05-08T19:30:21.265403800
2025-05-08 19:30:21.914 [Platform-Rest] [http-nio-8082-exec-9] INFO  com.example.forexproject.RateController - Returning rate for PF2_USDTRY: bid=33.813387455781786, ask=35.2451693317162, timestamp=2025-05-08T19:30:21.914313200
2025-05-08 19:38:10.324 [Platform-Rest] [main] INFO  com.example.forexproject.RateRestApplication - Starting RateRestApplication using Java 23.0.1 with PID 20068 (C:\Users\MTG\Desktop\forexproject_voF-3\platform-rest\target\classes started by MTG in C:\Users\MTG\Desktop\forexproject_voF-3\platform-rest)
2025-05-08 19:38:10.339 [Platform-Rest] [main] INFO  com.example.forexproject.RateRestApplication - No active profile set, falling back to 1 default profile: "default"
2025-05-08 19:38:11.156 [Platform-Rest] [main] INFO  org.springframework.boot.web.embedded.tomcat.TomcatWebServer - Tomcat initialized with port 8082 (http)
2025-05-08 19:38:11.171 [Platform-Rest] [main] INFO  org.apache.coyote.http11.Http11NioProtocol - Initializing ProtocolHandler ["http-nio-8082"]
2025-05-08 19:38:11.172 [Platform-Rest] [main] INFO  org.apache.catalina.core.StandardService - Starting service [Tomcat]
2025-05-08 19:38:11.173 [Platform-Rest] [main] INFO  org.apache.catalina.core.StandardEngine - Starting Servlet engine: [Apache Tomcat/10.1.34]
2025-05-08 19:38:11.209 [Platform-Rest] [main] INFO  org.apache.catalina.core.ContainerBase.[Tomcat].[localhost].[/] - Initializing Spring embedded WebApplicationContext
2025-05-08 19:38:11.210 [Platform-Rest] [main] INFO  org.springframework.boot.web.servlet.context.ServletWebServerApplicationContext - Root WebApplicationContext: initialization completed in 682 ms
2025-05-08 19:38:11.363 [Platform-Rest] [main] INFO  org.springframework.validation.beanvalidation.OptionalValidatorFactoryBean - Failed to set up a Bean Validation provider: jakarta.validation.NoProviderFoundException: Unable to create a Configuration, because no Jakarta Bean Validation provider could be found. Add a provider like Hibernate Validator (RI) to your classpath.
2025-05-08 19:38:11.811 [Platform-Rest] [main] INFO  org.apache.coyote.http11.Http11NioProtocol - Starting ProtocolHandler ["http-nio-8082"]
2025-05-08 19:38:11.831 [Platform-Rest] [main] INFO  org.springframework.boot.web.embedded.tomcat.TomcatWebServer - Tomcat started on port 8082 (http) with context path '/'
2025-05-08 19:38:11.839 [Platform-Rest] [main] INFO  com.example.forexproject.RateRestApplication - Started RateRestApplication in 1.811 seconds (process running for 2.426)
2025-05-08 19:38:12.843 [Platform-Rest] [http-nio-8082-exec-1] INFO  org.apache.catalina.core.ContainerBase.[Tomcat].[localhost].[/] - Initializing Spring DispatcherServlet 'dispatcherServlet'
2025-05-08 19:38:12.843 [Platform-Rest] [http-nio-8082-exec-1] INFO  org.springframework.web.servlet.DispatcherServlet - Initializing Servlet 'dispatcherServlet'
2025-05-08 19:38:12.844 [Platform-Rest] [http-nio-8082-exec-1] INFO  org.springframework.web.servlet.DispatcherServlet - Completed initialization in 1 ms
2025-05-08 19:38:12.870 [Platform-Rest] [http-nio-8082-exec-1] INFO  com.example.forexproject.RateController - Returning rate for PF2_USDTRY: bid=34.22995013122669, ask=34.87404864897456, timestamp=2025-05-08T19:38:12.869001400
2025-05-14 20:09:59.703 [Platform-Rest] [main] INFO  com.example.forexproject.RateRestApplication - Starting RateRestApplication using Java 23.0.1 with PID 19800 (C:\Users\MTG\Desktop\forexproject_voF-3.2\platform-rest\target\classes started by MTG in C:\Users\MTG\Desktop\forexproject_voF-3.2\platform-rest)
2025-05-14 20:09:59.711 [Platform-Rest] [main] INFO  com.example.forexproject.RateRestApplication - No active profile set, falling back to 1 default profile: "default"
2025-05-14 20:10:00.593 [Platform-Rest] [main] INFO  org.springframework.boot.web.embedded.tomcat.TomcatWebServer - Tomcat initialized with port 8082 (http)
2025-05-14 20:10:00.609 [Platform-Rest] [main] INFO  org.apache.coyote.http11.Http11NioProtocol - Initializing ProtocolHandler ["http-nio-8082"]
2025-05-14 20:10:00.612 [Platform-Rest] [main] INFO  org.apache.catalina.core.StandardService - Starting service [Tomcat]
2025-05-14 20:10:00.612 [Platform-Rest] [main] INFO  org.apache.catalina.core.StandardEngine - Starting Servlet engine: [Apache Tomcat/10.1.34]
2025-05-14 20:10:00.652 [Platform-Rest] [main] INFO  org.apache.catalina.core.ContainerBase.[Tomcat].[localhost].[/] - Initializing Spring embedded WebApplicationContext
2025-05-14 20:10:00.653 [Platform-Rest] [main] INFO  org.springframework.boot.web.servlet.context.ServletWebServerApplicationContext - Root WebApplicationContext: initialization completed in 744 ms
2025-05-14 20:10:00.848 [Platform-Rest] [main] INFO  org.springframework.validation.beanvalidation.OptionalValidatorFactoryBean - Failed to set up a Bean Validation provider: jakarta.validation.NoProviderFoundException: Unable to create a Configuration, because no Jakarta Bean Validation provider could be found. Add a provider like Hibernate Validator (RI) to your classpath.
2025-05-14 20:10:01.340 [Platform-Rest] [main] INFO  org.apache.coyote.http11.Http11NioProtocol - Starting ProtocolHandler ["http-nio-8082"]
2025-05-14 20:10:01.371 [Platform-Rest] [main] INFO  org.springframework.boot.web.embedded.tomcat.TomcatWebServer - Tomcat started on port 8082 (http) with context path '/'
2025-05-14 20:10:01.380 [Platform-Rest] [main] INFO  com.example.forexproject.RateRestApplication - Started RateRestApplication in 1.969 seconds (process running for 2.581)
2025-05-14 20:10:25.571 [Platform-Rest] [http-nio-8082-exec-1] INFO  org.apache.catalina.core.ContainerBase.[Tomcat].[localhost].[/] - Initializing Spring DispatcherServlet 'dispatcherServlet'
2025-05-14 20:10:25.572 [Platform-Rest] [http-nio-8082-exec-1] INFO  org.springframework.web.servlet.DispatcherServlet - Initializing Servlet 'dispatcherServlet'
2025-05-14 20:10:25.573 [Platform-Rest] [http-nio-8082-exec-1] INFO  org.springframework.web.servlet.DispatcherServlet - Completed initialization in 1 ms
2025-05-14 20:10:25.616 [Platform-Rest] [http-nio-8082-exec-1] INFO  com.example.forexproject.RateController - Returning rate for PF2_USDTRY: bid=34.11031682974194, ask=34.65841903843135, timestamp=2025-05-14T20:10:25.615694
2025-05-14 20:10:44.543 [Platform-Rest] [http-nio-8082-exec-3] INFO  com.example.forexproject.RateController - Returning rate for PF2_USDTRY: bid=33.98802663778107, ask=35.14257479275626, timestamp=2025-05-14T20:10:44.543858300
2025-05-14 20:12:29.546 [Platform-Rest] [main] INFO  com.example.forexproject.RateRestApplication - Starting RateRestApplication using Java 23.0.1 with PID 18316 (C:\Users\MTG\Desktop\forexproject_voF-3.2\platform-rest\target\classes started by MTG in C:\Users\MTG\Desktop\forexproject_voF-3.2\platform-rest)
2025-05-14 20:12:29.555 [Platform-Rest] [main] INFO  com.example.forexproject.RateRestApplication - No active profile set, falling back to 1 default profile: "default"
2025-05-14 20:12:30.849 [Platform-Rest] [main] INFO  org.springframework.boot.web.embedded.tomcat.TomcatWebServer - Tomcat initialized with port 8082 (http)
2025-05-14 20:12:30.879 [Platform-Rest] [main] INFO  org.apache.coyote.http11.Http11NioProtocol - Initializing ProtocolHandler ["http-nio-8082"]
2025-05-14 20:12:30.882 [Platform-Rest] [main] INFO  org.apache.catalina.core.StandardService - Starting service [Tomcat]
2025-05-14 20:12:30.882 [Platform-Rest] [main] INFO  org.apache.catalina.core.StandardEngine - Starting Servlet engine: [Apache Tomcat/10.1.34]
2025-05-14 20:12:30.938 [Platform-Rest] [main] INFO  org.apache.catalina.core.ContainerBase.[Tomcat].[localhost].[/] - Initializing Spring embedded WebApplicationContext
2025-05-14 20:12:30.941 [Platform-Rest] [main] INFO  org.springframework.boot.web.servlet.context.ServletWebServerApplicationContext - Root WebApplicationContext: initialization completed in 1162 ms
2025-05-14 20:12:31.170 [Platform-Rest] [main] INFO  org.springframework.validation.beanvalidation.OptionalValidatorFactoryBean - Failed to set up a Bean Validation provider: jakarta.validation.NoProviderFoundException: Unable to create a Configuration, because no Jakarta Bean Validation provider could be found. Add a provider like Hibernate Validator (RI) to your classpath.
2025-05-14 20:12:31.831 [Platform-Rest] [main] INFO  org.apache.coyote.http11.Http11NioProtocol - Starting ProtocolHandler ["http-nio-8082"]
2025-05-14 20:12:31.857 [Platform-Rest] [main] INFO  org.springframework.boot.web.embedded.tomcat.TomcatWebServer - Tomcat started on port 8082 (http) with context path '/'
2025-05-14 20:12:31.869 [Platform-Rest] [main] INFO  com.example.forexproject.RateRestApplication - Started RateRestApplication in 2.688 seconds (process running for 3.532)
2025-05-14 20:12:39.683 [Platform-Rest] [http-nio-8082-exec-1] INFO  org.apache.catalina.core.ContainerBase.[Tomcat].[localhost].[/] - Initializing Spring DispatcherServlet 'dispatcherServlet'
2025-05-14 20:12:39.683 [Platform-Rest] [http-nio-8082-exec-1] INFO  org.springframework.web.servlet.DispatcherServlet - Initializing Servlet 'dispatcherServlet'
2025-05-14 20:12:39.685 [Platform-Rest] [http-nio-8082-exec-1] INFO  org.springframework.web.servlet.DispatcherServlet - Completed initialization in 0 ms
2025-05-14 20:12:39.710 [Platform-Rest] [http-nio-8082-exec-1] INFO  com.example.forexproject.RateController - Returning rate for PF2_USDTRY: bid=34.238162245709546, ask=35.06661364127953, timestamp=2025-05-14T20:12:39.708972200
2025-05-21 01:06:19.645 [Platform-Rest] [main] INFO  com.example.forexproject.RateRestApplication - Starting RateRestApplication using Java 23.0.1 with PID 4904 (C:\Users\MTG\Desktop\forexproject_voF-3.3\platform-rest\target\classes started by MTG in C:\Users\MTG\Desktop\forexproject_voF-3.3\platform-rest)
2025-05-21 01:06:19.659 [Platform-Rest] [main] INFO  com.example.forexproject.RateRestApplication - No active profile set, falling back to 1 default profile: "default"
2025-05-21 01:06:20.538 [Platform-Rest] [main] INFO  org.springframework.boot.web.embedded.tomcat.TomcatWebServer - Tomcat initialized with port 8082 (http)
2025-05-21 01:06:20.553 [Platform-Rest] [main] INFO  org.apache.coyote.http11.Http11NioProtocol - Initializing ProtocolHandler ["http-nio-8082"]
2025-05-21 01:06:20.555 [Platform-Rest] [main] INFO  org.apache.catalina.core.StandardService - Starting service [Tomcat]
2025-05-21 01:06:20.556 [Platform-Rest] [main] INFO  org.apache.catalina.core.StandardEngine - Starting Servlet engine: [Apache Tomcat/10.1.34]
2025-05-21 01:06:20.595 [Platform-Rest] [main] INFO  org.apache.catalina.core.ContainerBase.[Tomcat].[localhost].[/] - Initializing Spring embedded WebApplicationContext
2025-05-21 01:06:20.596 [Platform-Rest] [main] INFO  org.springframework.boot.web.servlet.context.ServletWebServerApplicationContext - Root WebApplicationContext: initialization completed in 739 ms
2025-05-21 01:06:20.789 [Platform-Rest] [main] INFO  org.springframework.validation.beanvalidation.OptionalValidatorFactoryBean - Failed to set up a Bean Validation provider: jakarta.validation.NoProviderFoundException: Unable to create a Configuration, because no Jakarta Bean Validation provider could be found. Add a provider like Hibernate Validator (RI) to your classpath.
2025-05-21 01:06:21.373 [Platform-Rest] [main] INFO  org.apache.coyote.http11.Http11NioProtocol - Starting ProtocolHandler ["http-nio-8082"]
2025-05-21 01:06:21.393 [Platform-Rest] [main] INFO  org.springframework.boot.web.embedded.tomcat.TomcatWebServer - Tomcat started on port 8082 (http) with context path '/'
2025-05-21 01:06:21.402 [Platform-Rest] [main] INFO  com.example.forexproject.RateRestApplication - Started RateRestApplication in 2.065 seconds (process running for 2.737)
